Build started 06.05.2017 22:53:32.
     1>Project "C:\Users\tanches\Desktop\first with cycle (2)\first with cycle\first with cycle\first with cycle.vcxproj" on node 2 (Build target(s)).
     1>Link:
         C:\Program Files (x86)\Microsoft Visual Studio 12.0\VC\bin\link.exe /ERRORREPORT:PROMPT /OUT:"C:\Users\tanches\Desktop\first with cycle (2)\first with cycle\Debug\first with cycle.exe" /INCREMENTAL /NOLOGO lpsolve55.lib kernel32.lib user32.lib gdi32.lib winspool.lib comdlg32.lib advapi32.lib shell32.lib ole32.lib oleaut32.lib uuid.lib odbc32.lib odbccp32.lib /MANIFEST /MANIFESTUAC:"level='asInvoker' uiAccess='false'" /manifest:embed /DEBUG /PDB:"C:\Users\tanches\Desktop\first with cycle (2)\first with cycle\Debug\first with cycle.pdb" /SUBSYSTEM:CONSOLE /TLBID:1 /DYNAMICBASE /NXCOMPAT /IMPLIB:"C:\Users\tanches\Desktop\first with cycle (2)\first with cycle\Debug\first with cycle.lib" /MACHINE:X64 Debug\Smart.obj
         Debug\main.obj
     1>Debug\Smart.obj : fatal error LNK1112: module machine type 'X86' conflicts with target machine type 'x64'
     1>C:\Program Files (x86)\MSBuild\Microsoft.Cpp\v4.0\V120\Microsoft.CppCommon.targets(607,5): error MSB6006: "link.exe" exited with code 1112.
     1>Done Building Project "C:\Users\tanches\Desktop\first with cycle (2)\first with cycle\first with cycle\first with cycle.vcxproj" (Build target(s)) -- FAILED.

Build FAILED.

Time Elapsed 00:00:00.52
